<?xml version="1.0" encoding="UTF-8"?>
<robot generator="Robot 7.4.1 (Python 3.12.6 on win32)" generated="2026-02-02T17:22:27.538559" rpa="false" schemaversion="5">
<suite id="s1" name="Robot Tests" source="C:\Users\aditya\Desktop\Wipro_pre_Skilling\case_study_question3\robot_tests.robot">
<test id="s1-t1" name="Patient Registration - Valid Data" line="11">
<kw name="Open Browser And Navigate">
<kw name="Open Browser" owner="SeleniumLibrary">
<msg time="2026-02-02T17:22:27.915738" level="INFO">Opening browser 'Chrome' to base url 'http://127.0.0.1:5002'.</msg>
<arg>${URL}</arg>
<arg>${BROWSER}</arg>
<doc>Opens a new browser instance to the optional ``url``.</doc>
<status status="PASS" start="2026-02-02T17:22:27.914722" elapsed="1.517788"/>
</kw>
<kw name="Maximize Browser Window" owner="SeleniumLibrary">
<doc>Maximizes current browser window.</doc>
<status status="PASS" start="2026-02-02T17:22:29.432510" elapsed="0.026599"/>
</kw>
<kw name="Wait Until Page Contains" owner="SeleniumLibrary">
<arg>Patient Registration</arg>
<doc>Waits until ``text`` appears on the current page.</doc>
<status status="PASS" start="2026-02-02T17:22:29.459109" elapsed="0.044574"/>
</kw>
<kw name="Sleep" owner="BuiltIn">
<msg time="2026-02-02T17:22:30.505321" level="INFO">Slept 1 second.</msg>
<arg>1s</arg>
<doc>Pauses the test executed for the given time.</doc>
<status status="PASS" start="2026-02-02T17:22:29.503683" elapsed="1.001638"/>
</kw>
<status status="PASS" start="2026-02-02T17:22:27.914722" elapsed="2.590599"/>
</kw>
<kw name="Sleep" owner="BuiltIn">
<msg time="2026-02-02T17:22:32.505627" level="INFO">Slept 2 seconds.</msg>
<arg>2s</arg>
<doc>Pauses the test executed for the given time.</doc>
<status status="PASS" start="2026-02-02T17:22:30.505321" elapsed="2.000306"/>
</kw>
<kw name="Input Patient Details">
<kw name="Input Text" owner="SeleniumLibrary">
<msg time="2026-02-02T17:22:32.506619" level="INFO">Typing text 'Alice Johnson' into text field 'id=name'.</msg>
<arg>id=name</arg>
<arg>${name}</arg>
<doc>Types the given ``text`` into the text field identified by ``locator``.</doc>
<status status="PASS" start="2026-02-02T17:22:32.506619" elapsed="0.101531"/>
</kw>
<kw name="Sleep" owner="BuiltIn">
<msg time="2026-02-02T17:22:33.109085" level="INFO">Slept 500 milliseconds.</msg>
<arg>0.5s</arg>
<doc>Pauses the test executed for the given time.</doc>
<status status="PASS" start="2026-02-02T17:22:32.608150" elapsed="0.500935"/>
</kw>
<kw name="Input Text" owner="SeleniumLibrary">
<msg time="2026-02-02T17:22:33.109085" level="INFO">Typing text '28' into text field 'id=age'.</msg>
<arg>id=age</arg>
<arg>${age}</arg>
<doc>Types the given ``text`` into the text field identified by ``locator``.</doc>
<status status="PASS" start="2026-02-02T17:22:33.109085" elapsed="0.068759"/>
</kw>
<kw name="Sleep" owner="BuiltIn">
<msg time="2026-02-02T17:22:33.678220" level="INFO">Slept 500 milliseconds.</msg>
<arg>0.5s</arg>
<doc>Pauses the test executed for the given time.</doc>
<status status="PASS" start="2026-02-02T17:22:33.177844" elapsed="0.500376"/>
</kw>
<kw name="Run Keyword If" owner="BuiltIn">
<kw name="Select Radio Button" owner="SeleniumLibrary">
<msg time="2026-02-02T17:22:33.679224" level="INFO">Selecting 'Female' from radio button 'gender'.</msg>
<arg>gender</arg>
<arg>Female</arg>
<doc>Sets the radio button group ``group_name`` to ``value``.</doc>
<status status="PASS" start="2026-02-02T17:22:33.679224" elapsed="0.070792"/>
</kw>
<arg>'${gender}' == 'Male'</arg>
<arg>Select Radio Button</arg>
<arg>gender</arg>
<arg>Male</arg>
<arg>ELSE</arg>
<arg>Select Radio Button</arg>
<arg>gender</arg>
<arg>Female</arg>
<doc>Runs the given keyword with the given arguments, if ``condition`` is true.</doc>
<status status="PASS" start="2026-02-02T17:22:33.678220" elapsed="0.071796"/>
</kw>
<kw name="Sleep" owner="BuiltIn">
<msg time="2026-02-02T17:22:34.250395" level="INFO">Slept 500 milliseconds.</msg>
<arg>0.5s</arg>
<doc>Pauses the test executed for the given time.</doc>
<status status="PASS" start="2026-02-02T17:22:33.750016" elapsed="0.500379"/>
</kw>
<kw name="Input Text" owner="SeleniumLibrary">
<msg time="2026-02-02T17:22:34.250395" level="INFO">Typing text '9876543210' into text field 'id=contact'.</msg>
<arg>id=contact</arg>
<arg>${contact}</arg>
<doc>Types the given ``text`` into the text field identified by ``locator``.</doc>
<status status="PASS" start="2026-02-02T17:22:34.250395" elapsed="0.077622"/>
</kw>
<kw name="Sleep" owner="BuiltIn">
<msg time="2026-02-02T17:22:34.828093" level="INFO">Slept 500 milliseconds.</msg>
<arg>0.5s</arg>
<doc>Pauses the test executed for the given time.</doc>
<status status="PASS" start="2026-02-02T17:22:34.328017" elapsed="0.500076"/>
</kw>
<kw name="Input Text" owner="SeleniumLibrary">
<msg time="2026-02-02T17:22:34.828093" level="INFO">Typing text 'Asthma' into text field 'id=disease'.</msg>
<arg>id=disease</arg>
<arg>${disease}</arg>
<doc>Types the given ``text`` into the text field identified by ``locator``.</doc>
<status status="PASS" start="2026-02-02T17:22:34.828093" elapsed="0.076331"/>
</kw>
<kw name="Sleep" owner="BuiltIn">
<msg time="2026-02-02T17:22:35.405402" level="INFO">Slept 500 milliseconds.</msg>
<arg>0.5s</arg>
<doc>Pauses the test executed for the given time.</doc>
<status status="PASS" start="2026-02-02T17:22:34.904424" elapsed="0.500978"/>
</kw>
<kw name="Select From List By Label" owner="SeleniumLibrary">
<msg time="2026-02-02T17:22:35.405402" level="INFO">Selecting options from selection list 'id=doctor' by label Dr. Smith.</msg>
<arg>id=doctor</arg>
<arg>${doctor}</arg>
<doc>Selects options from selection list ``locator`` by ``labels``.</doc>
<status status="PASS" start="2026-02-02T17:22:35.405402" elapsed="0.097689"/>
</kw>
<kw name="Sleep" owner="BuiltIn">
<msg time="2026-02-02T17:22:36.003477" level="INFO">Slept 500 milliseconds.</msg>
<arg>0.5s</arg>
<doc>Pauses the test executed for the given time.</doc>
<status status="PASS" start="2026-02-02T17:22:35.503091" elapsed="0.500386"/>
</kw>
<arg>Alice Johnson</arg>
<arg>28</arg>
<arg>Female</arg>
<arg>9876543210</arg>
<arg>Asthma</arg>
<arg>Dr. Smith</arg>
<status status="PASS" start="2026-02-02T17:22:32.505627" elapsed="3.497850"/>
</kw>
<kw name="Sleep" owner="BuiltIn">
<msg time="2026-02-02T17:22:38.004825" level="INFO">Slept 2 seconds.</msg>
<arg>2s</arg>
<doc>Pauses the test executed for the given time.</doc>
<status status="PASS" start="2026-02-02T17:22:36.003477" elapsed="2.001348"/>
</kw>
<kw name="Submit Form">
<kw name="Click Button" owner="SeleniumLibrary">
<msg time="2026-02-02T17:22:38.005825" level="INFO">Clicking button 'xpath=//button[@type='submit']'.</msg>
<arg>xpath=//button[@type='submit']</arg>
<doc>Clicks the button identified by ``locator``.</doc>
<status status="PASS" start="2026-02-02T17:22:38.005825" elapsed="0.071105"/>
</kw>
<kw name="Sleep" owner="BuiltIn">
<msg time="2026-02-02T17:22:40.077057" level="INFO">Slept 2 seconds.</msg>
<arg>${DELAY}</arg>
<doc>Pauses the test executed for the given time.</doc>
<status status="PASS" start="2026-02-02T17:22:38.076930" elapsed="2.000127"/>
</kw>
<status status="PASS" start="2026-02-02T17:22:38.005825" elapsed="2.071232"/>
</kw>
<kw name="Sleep" owner="BuiltIn">
<msg time="2026-02-02T17:22:42.078768" level="INFO">Slept 2 seconds.</msg>
<arg>2s</arg>
<doc>Pauses the test executed for the given time.</doc>
<status status="PASS" start="2026-02-02T17:22:40.078065" elapsed="2.000703"/>
</kw>
<kw name="Verify Registration Success">
<kw name="Wait Until Page Contains" owner="SeleniumLibrary">
<arg>Registration Successful</arg>
<doc>Waits until ``text`` appears on the current page.</doc>
<status status="PASS" start="2026-02-02T17:22:42.079775" elapsed="0.011990"/>
</kw>
<kw name="Page Should Contain" owner="SeleniumLibrary">
<msg time="2026-02-02T17:22:42.108558" level="INFO">Current page contains text 'Alice Johnson'.</msg>
<arg>${expected_name}</arg>
<doc>Verifies that current page contains ``text``.</doc>
<status status="PASS" start="2026-02-02T17:22:42.091765" elapsed="0.016793"/>
</kw>
<arg>Alice Johnson</arg>
<status status="PASS" start="2026-02-02T17:22:42.078768" elapsed="0.029790"/>
</kw>
<kw name="Sleep" owner="BuiltIn">
<msg time="2026-02-02T17:22:44.110353" level="INFO">Slept 2 seconds.</msg>
<arg>2s</arg>
<doc>Pauses the test executed for the given time.</doc>
<status status="PASS" start="2026-02-02T17:22:42.109557" elapsed="2.000796"/>
</kw>
<kw name="Close Browser" owner="SeleniumLibrary" type="TEARDOWN">
<doc>Closes the current browser.</doc>
<status status="PASS" start="2026-02-02T17:22:44.111470" elapsed="2.259636"/>
</kw>
<tag>smoke</tag>
<status status="PASS" start="2026-02-02T17:22:27.913120" elapsed="18.458967"/>
</test>
<test id="s1-t2" name="Patient Registration - Multiple Patients" line="23">
<kw name="Open Browser And Navigate">
<kw name="Open Browser" owner="SeleniumLibrary">
<msg time="2026-02-02T17:22:46.374088" level="INFO">Opening browser 'Chrome' to base url 'http://127.0.0.1:5002'.</msg>
<arg>${URL}</arg>
<arg>${BROWSER}</arg>
<doc>Opens a new browser instance to the optional ``url``.</doc>
<status status="PASS" start="2026-02-02T17:22:46.374088" elapsed="1.536931"/>
</kw>
<kw name="Maximize Browser Window" owner="SeleniumLibrary">
<doc>Maximizes current browser window.</doc>
<status status="PASS" start="2026-02-02T17:22:47.911019" elapsed="0.061356"/>
</kw>
<kw name="Wait Until Page Contains" owner="SeleniumLibrary">
<arg>Patient Registration</arg>
<doc>Waits until ``text`` appears on the current page.</doc>
<status status="PASS" start="2026-02-02T17:22:47.972375" elapsed="0.014002"/>
</kw>
<kw name="Sleep" owner="BuiltIn">
<msg time="2026-02-02T17:22:48.987959" level="INFO">Slept 1 second.</msg>
<arg>1s</arg>
<doc>Pauses the test executed for the given time.</doc>
<status status="PASS" start="2026-02-02T17:22:47.986377" elapsed="1.001582"/>
</kw>
<status status="PASS" start="2026-02-02T17:22:46.373088" elapsed="2.614871"/>
</kw>
<kw name="Sleep" owner="BuiltIn">
<msg time="2026-02-02T17:22:50.990482" level="INFO">Slept 2 seconds.</msg>
<arg>2s</arg>
<doc>Pauses the test executed for the given time.</doc>
<status status="PASS" start="2026-02-02T17:22:48.988799" elapsed="2.001683"/>
</kw>
<kw name="Input Patient Details">
<kw name="Input Text" owner="SeleniumLibrary">
<msg time="2026-02-02T17:22:50.992066" level="INFO">Typing text 'Bob Williams' into text field 'id=name'.</msg>
<arg>id=name</arg>
<arg>${name}</arg>
<doc>Types the given ``text`` into the text field identified by ``locator``.</doc>
<status status="PASS" start="2026-02-02T17:22:50.992066" elapsed="0.095415"/>
</kw>
<kw name="Sleep" owner="BuiltIn">
<msg time="2026-02-02T17:22:51.588337" level="INFO">Slept 500 milliseconds.</msg>
<arg>0.5s</arg>
<doc>Pauses the test executed for the given time.</doc>
<status status="PASS" start="2026-02-02T17:22:51.087481" elapsed="0.500856"/>
</kw>
<kw name="Input Text" owner="SeleniumLibrary">
<msg time="2026-02-02T17:22:51.589145" level="INFO">Typing text '55' into text field 'id=age'.</msg>
<arg>id=age</arg>
<arg>${age}</arg>
<doc>Types the given ``text`` into the text field identified by ``locator``.</doc>
<status status="PASS" start="2026-02-02T17:22:51.588337" elapsed="0.071406"/>
</kw>
<kw name="Sleep" owner="BuiltIn">
<msg time="2026-02-02T17:22:52.160960" level="INFO">Slept 500 milliseconds.</msg>
<arg>0.5s</arg>
<doc>Pauses the test executed for the given time.</doc>
<status status="PASS" start="2026-02-02T17:22:51.660744" elapsed="0.500216"/>
</kw>
<kw name="Run Keyword If" owner="BuiltIn">
<kw name="Select Radio Button" owner="SeleniumLibrary">
<msg time="2026-02-02T17:22:52.161739" level="INFO">Selecting 'Male' from radio button 'gender'.</msg>
<arg>gender</arg>
<arg>Male</arg>
<doc>Sets the radio button group ``group_name`` to ``value``.</doc>
<status status="PASS" start="2026-02-02T17:22:52.161739" elapsed="0.074797"/>
</kw>
<arg>'${gender}' == 'Male'</arg>
<arg>Select Radio Button</arg>
<arg>gender</arg>
<arg>Male</arg>
<arg>ELSE</arg>
<arg>Select Radio Button</arg>
<arg>gender</arg>
<arg>Female</arg>
<doc>Runs the given keyword with the given arguments, if ``condition`` is true.</doc>
<status status="PASS" start="2026-02-02T17:22:52.160960" elapsed="0.075576"/>
</kw>
<kw name="Sleep" owner="BuiltIn">
<msg time="2026-02-02T17:22:52.738366" level="INFO">Slept 500 milliseconds.</msg>
<arg>0.5s</arg>
<doc>Pauses the test executed for the given time.</doc>
<status status="PASS" start="2026-02-02T17:22:52.237539" elapsed="0.500827"/>
</kw>
<kw name="Input Text" owner="SeleniumLibrary">
<msg time="2026-02-02T17:22:52.738366" level="INFO">Typing text '9876543211' into text field 'id=contact'.</msg>
<arg>id=contact</arg>
<arg>${contact}</arg>
<doc>Types the given ``text`` into the text field identified by ``locator``.</doc>
<status status="PASS" start="2026-02-02T17:22:52.738366" elapsed="0.086206"/>
</kw>
<kw name="Sleep" owner="BuiltIn">
<msg time="2026-02-02T17:22:53.325720" level="INFO">Slept 500 milliseconds.</msg>
<arg>0.5s</arg>
<doc>Pauses the test executed for the given time.</doc>
<status status="PASS" start="2026-02-02T17:22:52.825562" elapsed="0.500158"/>
</kw>
<kw name="Input Text" owner="SeleniumLibrary">
<msg time="2026-02-02T17:22:53.325720" level="INFO">Typing text 'Heart Disease' into text field 'id=disease'.</msg>
<arg>id=disease</arg>
<arg>${disease}</arg>
<doc>Types the given ``text`` into the text field identified by ``locator``.</doc>
<status status="PASS" start="2026-02-02T17:22:53.325720" elapsed="0.071840"/>
</kw>
<kw name="Sleep" owner="BuiltIn">
<msg time="2026-02-02T17:22:53.898986" level="INFO">Slept 500 milliseconds.</msg>
<arg>0.5s</arg>
<doc>Pauses the test executed for the given time.</doc>
<status status="PASS" start="2026-02-02T17:22:53.397560" elapsed="0.501426"/>
</kw>
<kw name="Select From List By Label" owner="SeleniumLibrary">
<msg time="2026-02-02T17:22:53.898986" level="INFO">Selecting options from selection list 'id=doctor' by label Dr. Johnson.</msg>
<arg>id=doctor</arg>
<arg>${doctor}</arg>
<doc>Selects options from selection list ``locator`` by ``labels``.</doc>
<status status="PASS" start="2026-02-02T17:22:53.898986" elapsed="0.088425"/>
</kw>
<kw name="Sleep" owner="BuiltIn">
<msg time="2026-02-02T17:22:54.487697" level="INFO">Slept 500 milliseconds.</msg>
<arg>0.5s</arg>
<doc>Pauses the test executed for the given time.</doc>
<status status="PASS" start="2026-02-02T17:22:53.987411" elapsed="0.500286"/>
</kw>
<arg>Bob Williams</arg>
<arg>55</arg>
<arg>Male</arg>
<arg>9876543211</arg>
<arg>Heart Disease</arg>
<arg>Dr. Johnson</arg>
<status status="PASS" start="2026-02-02T17:22:50.991042" elapsed="3.497184"/>
</kw>
<kw name="Sleep" owner="BuiltIn">
<msg time="2026-02-02T17:22:56.489396" level="INFO">Slept 2 seconds.</msg>
<arg>2s</arg>
<doc>Pauses the test executed for the given time.</doc>
<status status="PASS" start="2026-02-02T17:22:54.488226" elapsed="2.001170"/>
</kw>
<kw name="Submit Form">
<kw name="Click Button" owner="SeleniumLibrary">
<msg time="2026-02-02T17:22:56.491775" level="INFO">Clicking button 'xpath=//button[@type='submit']'.</msg>
<arg>xpath=//button[@type='submit']</arg>
<doc>Clicks the button identified by ``locator``.</doc>
<status status="PASS" start="2026-02-02T17:22:56.491191" elapsed="0.071120"/>
</kw>
<kw name="Sleep" owner="BuiltIn">
<msg time="2026-02-02T17:22:58.563648" level="INFO">Slept 2 seconds.</msg>
<arg>${DELAY}</arg>
<doc>Pauses the test executed for the given time.</doc>
<status status="PASS" start="2026-02-02T17:22:56.563312" elapsed="2.000336"/>
</kw>
<status status="PASS" start="2026-02-02T17:22:56.490193" elapsed="2.073455"/>
</kw>
<kw name="Sleep" owner="BuiltIn">
<msg time="2026-02-02T17:23:00.565630" level="INFO">Slept 2 seconds.</msg>
<arg>2s</arg>
<doc>Pauses the test executed for the given time.</doc>
<status status="PASS" start="2026-02-02T17:22:58.563648" elapsed="2.001982"/>
</kw>
<kw name="Go To" owner="SeleniumLibrary">
<msg time="2026-02-02T17:23:00.565630" level="INFO">Opening url 'http://127.0.0.1:5002'</msg>
<arg>${URL}</arg>
<doc>Navigates the current browser window to the provided ``url``.</doc>
<status status="PASS" start="2026-02-02T17:23:00.565630" elapsed="0.028998"/>
</kw>
<kw name="Sleep" owner="BuiltIn">
<msg time="2026-02-02T17:23:02.597223" level="INFO">Slept 2 seconds.</msg>
<arg>2s</arg>
<doc>Pauses the test executed for the given time.</doc>
<status status="PASS" start="2026-02-02T17:23:00.595628" elapsed="2.001595"/>
</kw>
<kw name="Input Patient Details">
<kw name="Input Text" owner="SeleniumLibrary">
<msg time="2026-02-02T17:23:02.598222" level="INFO">Typing text 'Charlie Brown' into text field 'id=name'.</msg>
<arg>id=name</arg>
<arg>${name}</arg>
<doc>Types the given ``text`` into the text field identified by ``locator``.</doc>
<status status="PASS" start="2026-02-02T17:23:02.598222" elapsed="0.116865"/>
</kw>
<kw name="Sleep" owner="BuiltIn">
<msg time="2026-02-02T17:23:03.217005" level="INFO">Slept 500 milliseconds.</msg>
<arg>0.5s</arg>
<doc>Pauses the test executed for the given time.</doc>
<status status="PASS" start="2026-02-02T17:23:02.716082" elapsed="0.500923"/>
</kw>
<kw name="Input Text" owner="SeleniumLibrary">
<msg time="2026-02-02T17:23:03.217005" level="INFO">Typing text '40' into text field 'id=age'.</msg>
<arg>id=age</arg>
<arg>${age}</arg>
<doc>Types the given ``text`` into the text field identified by ``locator``.</doc>
<status status="PASS" start="2026-02-02T17:23:03.217005" elapsed="0.061573"/>
</kw>
<kw name="Sleep" owner="BuiltIn">
<msg time="2026-02-02T17:23:03.779847" level="INFO">Slept 500 milliseconds.</msg>
<arg>0.5s</arg>
<doc>Pauses the test executed for the given time.</doc>
<status status="PASS" start="2026-02-02T17:23:03.278578" elapsed="0.501269"/>
</kw>
<kw name="Run Keyword If" owner="BuiltIn">
<kw name="Select Radio Button" owner="SeleniumLibrary">
<msg time="2026-02-02T17:23:03.779847" level="INFO">Selecting 'Male' from radio button 'gender'.</msg>
<arg>gender</arg>
<arg>Male</arg>
<doc>Sets the radio button group ``group_name`` to ``value``.</doc>
<status status="PASS" start="2026-02-02T17:23:03.779847" elapsed="0.056043"/>
</kw>
<arg>'${gender}' == 'Male'</arg>
<arg>Select Radio Button</arg>
<arg>gender</arg>
<arg>Male</arg>
<arg>ELSE</arg>
<arg>Select Radio Button</arg>
<arg>gender</arg>
<arg>Female</arg>
<doc>Runs the given keyword with the given arguments, if ``condition`` is true.</doc>
<status status="PASS" start="2026-02-02T17:23:03.779847" elapsed="0.056043"/>
</kw>
<kw name="Sleep" owner="BuiltIn">
<msg time="2026-02-02T17:23:04.337720" level="INFO">Slept 500 milliseconds.</msg>
<arg>0.5s</arg>
<doc>Pauses the test executed for the given time.</doc>
<status status="PASS" start="2026-02-02T17:23:03.836890" elapsed="0.500830"/>
</kw>
<kw name="Input Text" owner="SeleniumLibrary">
<msg time="2026-02-02T17:23:04.338719" level="INFO">Typing text '9876543212' into text field 'id=contact'.</msg>
<arg>id=contact</arg>
<arg>${contact}</arg>
<doc>Types the given ``text`` into the text field identified by ``locator``.</doc>
<status status="PASS" start="2026-02-02T17:23:04.337720" elapsed="0.071498"/>
</kw>
<kw name="Sleep" owner="BuiltIn">
<msg time="2026-02-02T17:23:04.910792" level="INFO">Slept 500 milliseconds.</msg>
<arg>0.5s</arg>
<doc>Pauses the test executed for the given time.</doc>
<status status="PASS" start="2026-02-02T17:23:04.409218" elapsed="0.501574"/>
</kw>
<kw name="Input Text" owner="SeleniumLibrary">
<msg time="2026-02-02T17:23:04.910792" level="INFO">Typing text 'Arthritis' into text field 'id=disease'.</msg>
<arg>id=disease</arg>
<arg>${disease}</arg>
<doc>Types the given ``text`` into the text field identified by ``locator``.</doc>
<status status="PASS" start="2026-02-02T17:23:04.910792" elapsed="0.071705"/>
</kw>
<kw name="Sleep" owner="BuiltIn">
<msg time="2026-02-02T17:23:05.482962" level="INFO">Slept 500 milliseconds.</msg>
<arg>0.5s</arg>
<doc>Pauses the test executed for the given time.</doc>
<status status="PASS" start="2026-02-02T17:23:04.982497" elapsed="0.500465"/>
</kw>
<kw name="Select From List By Label" owner="SeleniumLibrary">
<msg time="2026-02-02T17:23:05.482962" level="INFO">Selecting options from selection list 'id=doctor' by label Dr. Williams.</msg>
<arg>id=doctor</arg>
<arg>${doctor}</arg>
<doc>Selects options from selection list ``locator`` by ``labels``.</doc>
<status status="PASS" start="2026-02-02T17:23:05.482962" elapsed="0.071736"/>
</kw>
<kw name="Sleep" owner="BuiltIn">
<msg time="2026-02-02T17:23:06.055496" level="INFO">Slept 500 milliseconds.</msg>
<arg>0.5s</arg>
<doc>Pauses the test executed for the given time.</doc>
<status status="PASS" start="2026-02-02T17:23:05.554698" elapsed="0.500798"/>
</kw>
<arg>Charlie Brown</arg>
<arg>40</arg>
<arg>Male</arg>
<arg>9876543212</arg>
<arg>Arthritis</arg>
<arg>Dr. Williams</arg>
<status status="PASS" start="2026-02-02T17:23:02.597223" elapsed="3.458273"/>
</kw>
<kw name="Sleep" owner="BuiltIn">
<msg time="2026-02-02T17:23:08.056312" level="INFO">Slept 2 seconds.</msg>
<arg>2s</arg>
<doc>Pauses the test executed for the given time.</doc>
<status status="PASS" start="2026-02-02T17:23:06.056293" elapsed="2.000019"/>
</kw>
<kw name="Submit Form">
<kw name="Click Button" owner="SeleniumLibrary">
<msg time="2026-02-02T17:23:08.057311" level="INFO">Clicking button 'xpath=//button[@type='submit']'.</msg>
<arg>xpath=//button[@type='submit']</arg>
<doc>Clicks the button identified by ``locator``.</doc>
<status status="PASS" start="2026-02-02T17:23:08.057311" elapsed="0.062020"/>
</kw>
<kw name="Sleep" owner="BuiltIn">
<msg time="2026-02-02T17:23:10.121022" level="INFO">Slept 2 seconds.</msg>
<arg>${DELAY}</arg>
<doc>Pauses the test executed for the given time.</doc>
<status status="PASS" start="2026-02-02T17:23:08.119331" elapsed="2.001691"/>
</kw>
<status status="PASS" start="2026-02-02T17:23:08.056312" elapsed="2.064710"/>
</kw>
<kw name="Sleep" owner="BuiltIn">
<msg time="2026-02-02T17:23:12.122970" level="INFO">Slept 2 seconds.</msg>
<arg>2s</arg>
<doc>Pauses the test executed for the given time.</doc>
<status status="PASS" start="2026-02-02T17:23:10.122064" elapsed="2.000906"/>
</kw>
<kw name="Close Browser" owner="SeleniumLibrary" type="TEARDOWN">
<doc>Closes the current browser.</doc>
<status status="PASS" start="2026-02-02T17:23:12.123665" elapsed="2.204818"/>
</kw>
<tag>regression</tag>
<status status="PASS" start="2026-02-02T17:22:46.372087" elapsed="27.956396"/>
</test>
<test id="s1-t3" name="Verify Form Fields" line="39">
<kw name="Open Browser And Navigate">
<kw name="Open Browser" owner="SeleniumLibrary">
<msg time="2026-02-02T17:23:14.330490" level="INFO">Opening browser 'Chrome' to base url 'http://127.0.0.1:5002'.</msg>
<arg>${URL}</arg>
<arg>${BROWSER}</arg>
<doc>Opens a new browser instance to the optional ``url``.</doc>
<status status="PASS" start="2026-02-02T17:23:14.330490" elapsed="1.701371"/>
</kw>
<kw name="Maximize Browser Window" owner="SeleniumLibrary">
<doc>Maximizes current browser window.</doc>
<status status="PASS" start="2026-02-02T17:23:16.031861" elapsed="0.057233"/>
</kw>
<kw name="Wait Until Page Contains" owner="SeleniumLibrary">
<arg>Patient Registration</arg>
<doc>Waits until ``text`` appears on the current page.</doc>
<status status="PASS" start="2026-02-02T17:23:16.089094" elapsed="0.013005"/>
</kw>
<kw name="Sleep" owner="BuiltIn">
<msg time="2026-02-02T17:23:17.103374" level="INFO">Slept 1 second.</msg>
<arg>1s</arg>
<doc>Pauses the test executed for the given time.</doc>
<status status="PASS" start="2026-02-02T17:23:16.103093" elapsed="1.000281"/>
</kw>
<status status="PASS" start="2026-02-02T17:23:14.330490" elapsed="2.772884"/>
</kw>
<kw name="Sleep" owner="BuiltIn">
<msg time="2026-02-02T17:23:19.104542" level="INFO">Slept 2 seconds.</msg>
<arg>2s</arg>
<doc>Pauses the test executed for the given time.</doc>
<status status="PASS" start="2026-02-02T17:23:17.103374" elapsed="2.001168"/>
</kw>
<kw name="Page Should Contain Element" owner="SeleniumLibrary">
<msg time="2026-02-02T17:23:19.116407" level="INFO">Current page contains element 'id=name'.</msg>
<arg>id=name</arg>
<doc>Verifies that element ``locator`` is found on the current page.</doc>
<status status="PASS" start="2026-02-02T17:23:19.105597" elapsed="0.010810"/>
</kw>
<kw name="Page Should Contain Element" owner="SeleniumLibrary">
<msg time="2026-02-02T17:23:19.126408" level="INFO">Current page contains element 'id=age'.</msg>
<arg>id=age</arg>
<doc>Verifies that element ``locator`` is found on the current page.</doc>
<status status="PASS" start="2026-02-02T17:23:19.117415" elapsed="0.008993"/>
</kw>
<kw name="Page Should Contain Element" owner="SeleniumLibrary">
<msg time="2026-02-02T17:23:19.137402" level="INFO">Current page contains element 'id=male'.</msg>
<arg>id=male</arg>
<doc>Verifies that element ``locator`` is found on the current page.</doc>
<status status="PASS" start="2026-02-02T17:23:19.127403" elapsed="0.009999"/>
</kw>
<kw name="Page Should Contain Element" owner="SeleniumLibrary">
<msg time="2026-02-02T17:23:19.147347" level="INFO">Current page contains element 'id=female'.</msg>
<arg>id=female</arg>
<doc>Verifies that element ``locator`` is found on the current page.</doc>
<status status="PASS" start="2026-02-02T17:23:19.138405" elapsed="0.008942"/>
</kw>
<kw name="Page Should Contain Element" owner="SeleniumLibrary">
<msg time="2026-02-02T17:23:19.158914" level="INFO">Current page contains element 'id=contact'.</msg>
<arg>id=contact</arg>
<doc>Verifies that element ``locator`` is found on the current page.</doc>
<status status="PASS" start="2026-02-02T17:23:19.147347" elapsed="0.011567"/>
</kw>
<kw name="Page Should Contain Element" owner="SeleniumLibrary">
<msg time="2026-02-02T17:23:19.169576" level="INFO">Current page contains element 'id=disease'.</msg>
<arg>id=disease</arg>
<doc>Verifies that element ``locator`` is found on the current page.</doc>
<status status="PASS" start="2026-02-02T17:23:19.158914" elapsed="0.011652"/>
</kw>
<kw name="Page Should Contain Element" owner="SeleniumLibrary">
<msg time="2026-02-02T17:23:19.180563" level="INFO">Current page contains element 'id=doctor'.</msg>
<arg>id=doctor</arg>
<doc>Verifies that element ``locator`` is found on the current page.</doc>
<status status="PASS" start="2026-02-02T17:23:19.170566" elapsed="0.009997"/>
</kw>
<kw name="Sleep" owner="BuiltIn">
<msg time="2026-02-02T17:23:21.181577" level="INFO">Slept 2 seconds.</msg>
<arg>2s</arg>
<doc>Pauses the test executed for the given time.</doc>
<status status="PASS" start="2026-02-02T17:23:19.180563" elapsed="2.001402"/>
</kw>
<kw name="Close Browser" owner="SeleniumLibrary" type="TEARDOWN">
<doc>Closes the current browser.</doc>
<status status="PASS" start="2026-02-02T17:23:21.181965" elapsed="2.225235"/>
</kw>
<tag>smoke</tag>
<status status="PASS" start="2026-02-02T17:23:14.329489" elapsed="9.078239"/>
</test>
<test id="s1-t4" name="View Patients List" line="53">
<kw name="Open Browser" owner="SeleniumLibrary">
<msg time="2026-02-02T17:23:23.409729" level="INFO">Opening browser 'Chrome' to base url 'http://127.0.0.1:5002/patients'.</msg>
<arg>${URL}/patients</arg>
<arg>${BROWSER}</arg>
<doc>Opens a new browser instance to the optional ``url``.</doc>
<status status="PASS" start="2026-02-02T17:23:23.409729" elapsed="1.354338"/>
</kw>
<kw name="Maximize Browser Window" owner="SeleniumLibrary">
<doc>Maximizes current browser window.</doc>
<status status="PASS" start="2026-02-02T17:23:24.765091" elapsed="0.047447"/>
</kw>
<kw name="Sleep" owner="BuiltIn">
<msg time="2026-02-02T17:23:26.814000" level="INFO">Slept 2 seconds.</msg>
<arg>2s</arg>
<doc>Pauses the test executed for the given time.</doc>
<status status="PASS" start="2026-02-02T17:23:24.813533" elapsed="2.000467"/>
</kw>
<kw name="Wait Until Page Contains" owner="SeleniumLibrary">
<arg>Registered Patients</arg>
<doc>Waits until ``text`` appears on the current page.</doc>
<status status="PASS" start="2026-02-02T17:23:26.814000" elapsed="0.012341"/>
</kw>
<kw name="Page Should Contain Element" owner="SeleniumLibrary">
<msg time="2026-02-02T17:23:26.836397" level="INFO">Current page contains element 'id=patientsTable'.</msg>
<arg>id=patientsTable</arg>
<doc>Verifies that element ``locator`` is found on the current page.</doc>
<status status="PASS" start="2026-02-02T17:23:26.826341" elapsed="0.010056"/>
</kw>
<kw name="Get Element Count" owner="SeleniumLibrary">
<msg time="2026-02-02T17:23:26.847957" level="INFO">${row_count} = 24</msg>
<var>${row_count}</var>
<arg>xpath=//tr[@class='patient-row']</arg>
<doc>Returns the number of elements matching ``locator``.</doc>
<status status="PASS" start="2026-02-02T17:23:26.836397" elapsed="0.011560"/>
</kw>
<kw name="Should Be True" owner="BuiltIn">
<arg>${row_count} &gt; 0</arg>
<doc>Fails if the given condition is not true.</doc>
<status status="PASS" start="2026-02-02T17:23:26.847957" elapsed="0.000590"/>
</kw>
<kw name="Sleep" owner="BuiltIn">
<msg time="2026-02-02T17:23:28.849807" level="INFO">Slept 2 seconds.</msg>
<arg>2s</arg>
<doc>Pauses the test executed for the given time.</doc>
<status status="PASS" start="2026-02-02T17:23:26.849106" elapsed="2.000701"/>
</kw>
<kw name="Close Browser" owner="SeleniumLibrary" type="TEARDOWN">
<doc>Closes the current browser.</doc>
<status status="PASS" start="2026-02-02T17:23:28.849807" elapsed="2.240690"/>
</kw>
<tag>smoke</tag>
<status status="PASS" start="2026-02-02T17:23:23.408735" elapsed="7.682762"/>
</test>
<status status="PASS" start="2026-02-02T17:22:27.540561" elapsed="63.551933"/>
</suite>
<statistics>
<total>
<stat pass="4" fail="0" skip="0">All Tests</stat>
</total>
<tag>
<stat pass="1" fail="0" skip="0">regression</stat>
<stat pass="3" fail="0" skip="0">smoke</stat>
</tag>
<suite>
<stat name="Robot Tests" id="s1" pass="4" fail="0" skip="0">Robot Tests</stat>
</suite>
</statistics>
<errors>
</errors>
</robot>
