<?xml version="1.0" encoding="UTF-8"?>
<robot generator="Robot 7.4.1 (Python 3.12.6 on win32)" generated="2026-01-30T14:45:16.219671" rpa="false" schemaversion="5">
<suite id="s1" name="Question2 Solution" source="C:\Users\aditya\Desktop\Wipro_pre_Skilling\Day13 30.01.2026\Lab Question\Question2_Solution.robot">
<test id="s1-t1" name="TC1: Standard Keyword-Driven Test" line="50">
<kw name="Open Application">
<kw name="Open Browser" owner="SeleniumLibrary">
<msg time="2026-01-30T14:45:16.981504" level="INFO">Opening browser 'chrome' to base url 'https://opensource-demo.orangehrmlive.com/web/index.php/auth/login'.</msg>
<arg>${URL}</arg>
<arg>${BROWSER}</arg>
<doc>Opens a new browser instance to the optional ``url``.</doc>
<status status="PASS" start="2026-01-30T14:45:16.981504" elapsed="7.805472"/>
</kw>
<kw name="Maximize Browser Window" owner="SeleniumLibrary">
<doc>Maximizes current browser window.</doc>
<status status="PASS" start="2026-01-30T14:45:24.786976" elapsed="0.048302"/>
</kw>
<kw name="Wait Until Page Contains Element" owner="SeleniumLibrary">
<arg>name=username</arg>
<arg>timeout=30s</arg>
<doc>Waits until the element ``locator`` appears on the current page.</doc>
<status status="PASS" start="2026-01-30T14:45:24.836286" elapsed="0.775141"/>
</kw>
<status status="PASS" start="2026-01-30T14:45:16.979299" elapsed="8.632128"/>
</kw>
<kw name="Login Process">
<kw name="Input Text" owner="SeleniumLibrary">
<msg time="2026-01-30T14:45:25.614419" level="INFO">Typing text 'Admin' into text field 'name=username'.</msg>
<arg>name=username</arg>
<arg>${user}</arg>
<doc>Types the given ``text`` into the text field identified by ``locator``.</doc>
<status status="PASS" start="2026-01-30T14:45:25.613423" elapsed="0.144525"/>
</kw>
<kw name="Input Text" owner="SeleniumLibrary">
<msg time="2026-01-30T14:45:25.758947" level="INFO">Typing text 'admin123' into text field 'name=password'.</msg>
<arg>name=password</arg>
<arg>${pass}</arg>
<doc>Types the given ``text`` into the text field identified by ``locator``.</doc>
<status status="PASS" start="2026-01-30T14:45:25.757948" elapsed="0.154504"/>
</kw>
<kw name="Click Button" owner="SeleniumLibrary">
<msg time="2026-01-30T14:45:25.913458" level="INFO">Clicking button 'xpath=//button[@type='submit']'.</msg>
<arg>xpath=//button[@type='submit']</arg>
<doc>Clicks the button identified by ``locator``.</doc>
<status status="PASS" start="2026-01-30T14:45:25.912452" elapsed="0.134981"/>
</kw>
<kw name="Sleep" owner="BuiltIn">
<msg time="2026-01-30T14:45:29.049028" level="INFO">Slept 3 seconds.</msg>
<arg>3s</arg>
<doc>Pauses the test executed for the given time.</doc>
<status status="PASS" start="2026-01-30T14:45:26.047433" elapsed="3.001595"/>
</kw>
<arg>Admin</arg>
<arg>admin123</arg>
<status status="PASS" start="2026-01-30T14:45:25.612411" elapsed="3.436617"/>
</kw>
<kw name="Check Outcome">
<if>
<branch type="IF" condition="'${expected_outcome}' == 'success'">
<kw name="Wait Until Page Contains" owner="SeleniumLibrary">
<arg>Dashboard</arg>
<arg>timeout=15s</arg>
<doc>Waits until ``text`` appears on the current page.</doc>
<status status="PASS" start="2026-01-30T14:45:29.052130" elapsed="0.031949"/>
</kw>
<kw name="Log" owner="BuiltIn">
<msg time="2026-01-30T14:45:29.085082" level="INFO">Successfully logged in to Dashboard</msg>
<arg>Successfully logged in to Dashboard</arg>
<doc>Logs the given message with the given level.</doc>
<status status="PASS" start="2026-01-30T14:45:29.085082" elapsed="0.000000"/>
</kw>
<status status="PASS" start="2026-01-30T14:45:29.051167" elapsed="0.033915"/>
</branch>
<branch type="ELSE">
<kw name="Wait Until Element Is Visible" owner="SeleniumLibrary">
<arg>xpath=//div[@role='alert']</arg>
<arg>timeout=15s</arg>
<doc>Waits until the element ``locator`` is visible.</doc>
<status status="NOT RUN" start="2026-01-30T14:45:29.086076" elapsed="0.000000"/>
</kw>
<kw name="Element Should Contain" owner="SeleniumLibrary">
<arg>xpath=//div[@role='alert']</arg>
<arg>Invalid credentials</arg>
<doc>Verifies that element ``locator`` contains text ``expected``.</doc>
<status status="NOT RUN" start="2026-01-30T14:45:29.086076" elapsed="0.000000"/>
</kw>
<kw name="Log" owner="BuiltIn">
<arg>Correctly identified invalid credentials error</arg>
<doc>Logs the given message with the given level.</doc>
<status status="NOT RUN" start="2026-01-30T14:45:29.086076" elapsed="0.000000"/>
</kw>
<status status="NOT RUN" start="2026-01-30T14:45:29.085082" elapsed="0.000994"/>
</branch>
<status status="PASS" start="2026-01-30T14:45:29.051167" elapsed="0.034909"/>
</if>
<kw name="Capture Page Screenshot" owner="SeleniumLibrary">
<msg time="2026-01-30T14:45:29.562291" level="INFO" html="true">&lt;/td&gt;&lt;/tr&gt;&lt;tr&gt;&lt;td colspan="3"&gt;&lt;a href="selenium-screenshot-1.png"&gt;&lt;img src="selenium-screenshot-1.png" width="800px"&gt;&lt;/a&gt;</msg>
<doc>Takes a screenshot of the current page and embeds it into a log file.</doc>
<status status="PASS" start="2026-01-30T14:45:29.086076" elapsed="0.476215"/>
</kw>
<arg>success</arg>
<status status="PASS" start="2026-01-30T14:45:29.050589" elapsed="0.511702"/>
</kw>
<kw name="Close Browser" owner="SeleniumLibrary" type="TEARDOWN">
<doc>Closes the current browser.</doc>
<status status="PASS" start="2026-01-30T14:45:29.563293" elapsed="2.211790"/>
</kw>
<doc>Explicitly calls custom keywords for a hardcoded scenario.</doc>
<tag>keyword-driven</tag>
<status status="PASS" start="2026-01-30T14:45:16.977303" elapsed="14.797780"/>
</test>
<test id="s1-t2" name="TC2: Loop-Based Data-Driven Test from CSV" line="58">
<kw name="Get File" owner="OperatingSystem">
<msg time="2026-01-30T14:45:31.779166" level="INFO" html="true">Getting file '&lt;a href="file://C:\Users\aditya\Desktop\Wipro_pre_Skilling\Day13 30.01.2026\Lab Question\login_data.csv"&gt;C:\Users\aditya\Desktop\Wipro_pre_Skilling\Day13 30.01.2026\Lab Question\login_data.csv&lt;/a&gt;'.</msg>
<msg time="2026-01-30T14:45:31.779166" level="INFO">${content} = Admin,admin123,success
InvalidUser,admin123,failure
Admin,wrongpassword,failure
</msg>
<var>${content}</var>
<arg>C:\\Users\\aditya\\Desktop\\Wipro_pre_Skilling\\Day13 30.01.2026\\Lab Question/login_data.csv</arg>
<doc>Returns the contents of a specified file.</doc>
<status status="PASS" start="2026-01-30T14:45:31.778180" elapsed="0.000986"/>
</kw>
<kw name="Split To Lines" owner="String">
<msg time="2026-01-30T14:45:31.780184" level="INFO">3 lines returned.</msg>
<msg time="2026-01-30T14:45:31.780184" level="INFO">${lines} = ['Admin,admin123,success', 'InvalidUser,admin123,failure', 'Admin,wrongpassword,failure']</msg>
<var>${lines}</var>
<arg>${content}</arg>
<doc>Splits the given string to lines.</doc>
<status status="PASS" start="2026-01-30T14:45:31.780184" elapsed="0.000000"/>
</kw>
<for flavor="IN">
<iter>
<kw name="Split String" owner="String">
<msg time="2026-01-30T14:45:31.782650" level="INFO">${row} = ['Admin', 'admin123', 'success']</msg>
<var>${row}</var>
<arg>${line}</arg>
<arg>separator=,</arg>
<doc>Splits the ``string`` using ``separator`` as a delimiter string.</doc>
<status status="PASS" start="2026-01-30T14:45:31.782104" elapsed="0.000546"/>
</kw>
<kw name="Log" owner="BuiltIn">
<msg time="2026-01-30T14:45:31.786647" level="INFO">Executing Data Row: User=Admin, Pass=admin123, Expected=success</msg>
<arg>Executing Data Row: User=${row[0]}, Pass=${row[1]}, Expected=${row[2]}</arg>
<doc>Logs the given message with the given level.</doc>
<status status="PASS" start="2026-01-30T14:45:31.782650" elapsed="0.003997"/>
</kw>
<kw name="Run Keyword And Continue On Failure" owner="BuiltIn">
<kw name="Run Login Test Case">
<kw name="Open Application">
<kw name="Open Browser" owner="SeleniumLibrary">
<msg time="2026-01-30T14:45:31.792649" level="INFO">Opening browser 'chrome' to base url 'https://opensource-demo.orangehrmlive.com/web/index.php/auth/login'.</msg>
<arg>${URL}</arg>
<arg>${BROWSER}</arg>
<doc>Opens a new browser instance to the optional ``url``.</doc>
<status status="PASS" start="2026-01-30T14:45:31.792649" elapsed="7.741339"/>
</kw>
<kw name="Maximize Browser Window" owner="SeleniumLibrary">
<doc>Maximizes current browser window.</doc>
<status status="PASS" start="2026-01-30T14:45:39.540988" elapsed="0.038874"/>
</kw>
<kw name="Wait Until Page Contains Element" owner="SeleniumLibrary">
<arg>name=username</arg>
<arg>timeout=30s</arg>
<doc>Waits until the element ``locator`` appears on the current page.</doc>
<status status="PASS" start="2026-01-30T14:45:39.580857" elapsed="0.826813"/>
</kw>
<status status="PASS" start="2026-01-30T14:45:31.791655" elapsed="8.616015"/>
</kw>
<kw name="Login Process">
<kw name="Input Text" owner="SeleniumLibrary">
<msg time="2026-01-30T14:45:40.409677" level="INFO">Typing text 'Admin' into text field 'name=username'.</msg>
<arg>name=username</arg>
<arg>${user}</arg>
<doc>Types the given ``text`` into the text field identified by ``locator``.</doc>
<status status="PASS" start="2026-01-30T14:45:40.408663" elapsed="0.129723"/>
</kw>
<kw name="Input Text" owner="SeleniumLibrary">
<msg time="2026-01-30T14:45:40.539297" level="INFO">Typing text 'admin123' into text field 'name=password'.</msg>
<arg>name=password</arg>
<arg>${pass}</arg>
<doc>Types the given ``text`` into the text field identified by ``locator``.</doc>
<status status="PASS" start="2026-01-30T14:45:40.539297" elapsed="0.153932"/>
</kw>
<kw name="Click Button" owner="SeleniumLibrary">
<msg time="2026-01-30T14:45:40.693229" level="INFO">Clicking button 'xpath=//button[@type='submit']'.</msg>
<arg>xpath=//button[@type='submit']</arg>
<doc>Clicks the button identified by ``locator``.</doc>
<status status="PASS" start="2026-01-30T14:45:40.693229" elapsed="0.138843"/>
</kw>
<kw name="Sleep" owner="BuiltIn">
<msg time="2026-01-30T14:45:43.833980" level="INFO">Slept 3 seconds.</msg>
<arg>3s</arg>
<doc>Pauses the test executed for the given time.</doc>
<status status="PASS" start="2026-01-30T14:45:40.832072" elapsed="3.001908"/>
</kw>
<arg>${u}</arg>
<arg>${p}</arg>
<status status="PASS" start="2026-01-30T14:45:40.407670" elapsed="3.426310"/>
</kw>
<kw name="Check Outcome">
<if>
<branch type="IF" condition="'${expected_outcome}' == 'success'">
<kw name="Wait Until Page Contains" owner="SeleniumLibrary">
<arg>Dashboard</arg>
<arg>timeout=15s</arg>
<doc>Waits until ``text`` appears on the current page.</doc>
<status status="PASS" start="2026-01-30T14:45:43.835982" elapsed="0.501841"/>
</kw>
<kw name="Log" owner="BuiltIn">
<msg time="2026-01-30T14:45:44.338822" level="INFO">Successfully logged in to Dashboard</msg>
<arg>Successfully logged in to Dashboard</arg>
<doc>Logs the given message with the given level.</doc>
<status status="PASS" start="2026-01-30T14:45:44.337823" elapsed="0.000999"/>
</kw>
<status status="PASS" start="2026-01-30T14:45:43.834964" elapsed="0.503858"/>
</branch>
<branch type="ELSE">
<kw name="Wait Until Element Is Visible" owner="SeleniumLibrary">
<arg>xpath=//div[@role='alert']</arg>
<arg>timeout=15s</arg>
<doc>Waits until the element ``locator`` is visible.</doc>
<status status="NOT RUN" start="2026-01-30T14:45:44.338822" elapsed="0.000000"/>
</kw>
<kw name="Element Should Contain" owner="SeleniumLibrary">
<arg>xpath=//div[@role='alert']</arg>
<arg>Invalid credentials</arg>
<doc>Verifies that element ``locator`` contains text ``expected``.</doc>
<status status="NOT RUN" start="2026-01-30T14:45:44.339823" elapsed="0.000000"/>
</kw>
<kw name="Log" owner="BuiltIn">
<arg>Correctly identified invalid credentials error</arg>
<doc>Logs the given message with the given level.</doc>
<status status="NOT RUN" start="2026-01-30T14:45:44.339823" elapsed="0.000000"/>
</kw>
<status status="NOT RUN" start="2026-01-30T14:45:44.338822" elapsed="0.001001"/>
</branch>
<status status="PASS" start="2026-01-30T14:45:43.834964" elapsed="0.505868"/>
</if>
<kw name="Capture Page Screenshot" owner="SeleniumLibrary">
<msg time="2026-01-30T14:45:44.948081" level="INFO" html="true">&lt;/td&gt;&lt;/tr&gt;&lt;tr&gt;&lt;td colspan="3"&gt;&lt;a href="selenium-screenshot-2.png"&gt;&lt;img src="selenium-screenshot-2.png" width="800px"&gt;&lt;/a&gt;</msg>
<doc>Takes a screenshot of the current page and embeds it into a log file.</doc>
<status status="PASS" start="2026-01-30T14:45:44.340832" elapsed="0.607249"/>
</kw>
<arg>${result}</arg>
<status status="PASS" start="2026-01-30T14:45:43.834964" elapsed="1.114127"/>
</kw>
<arg>${row[0]}</arg>
<arg>${row[1]}</arg>
<arg>${row[2]}</arg>
<status status="PASS" start="2026-01-30T14:45:31.787646" elapsed="13.161445"/>
</kw>
<arg>Run Login Test Case</arg>
<arg>${row[0]}</arg>
<arg>${row[1]}</arg>
<arg>${row[2]}</arg>
<doc>Runs the keyword and continues execution even if a failure occurs.</doc>
<status status="PASS" start="2026-01-30T14:45:31.786647" elapsed="13.162444"/>
</kw>
<kw name="Run Keyword And Ignore Error" owner="BuiltIn">
<kw name="Close Browser" owner="SeleniumLibrary">
<doc>Closes the current browser.</doc>
<status status="PASS" start="2026-01-30T14:45:44.950403" elapsed="2.300800"/>
</kw>
<arg>Close Browser</arg>
<doc>Runs the given keyword with the given arguments and ignores possible error.</doc>
<status status="PASS" start="2026-01-30T14:45:44.949091" elapsed="2.302112"/>
</kw>
<var name="${line}">Admin,admin123,success</var>
<status status="PASS" start="2026-01-30T14:45:31.782074" elapsed="15.469129"/>
</iter>
<iter>
<kw name="Split String" owner="String">
<msg time="2026-01-30T14:45:47.252175" level="INFO">${row} = ['InvalidUser', 'admin123', 'failure']</msg>
<var>${row}</var>
<arg>${line}</arg>
<arg>separator=,</arg>
<doc>Splits the ``string`` using ``separator`` as a delimiter string.</doc>
<status status="PASS" start="2026-01-30T14:45:47.252175" elapsed="0.000000"/>
</kw>
<kw name="Log" owner="BuiltIn">
<msg time="2026-01-30T14:45:47.256328" level="INFO">Executing Data Row: User=InvalidUser, Pass=admin123, Expected=failure</msg>
<arg>Executing Data Row: User=${row[0]}, Pass=${row[1]}, Expected=${row[2]}</arg>
<doc>Logs the given message with the given level.</doc>
<status status="PASS" start="2026-01-30T14:45:47.253171" elapsed="0.003157"/>
</kw>
<kw name="Run Keyword And Continue On Failure" owner="BuiltIn">
<kw name="Run Login Test Case">
<kw name="Open Application">
<kw name="Open Browser" owner="SeleniumLibrary">
<msg time="2026-01-30T14:45:47.262326" level="INFO">Opening browser 'chrome' to base url 'https://opensource-demo.orangehrmlive.com/web/index.php/auth/login'.</msg>
<arg>${URL}</arg>
<arg>${BROWSER}</arg>
<doc>Opens a new browser instance to the optional ``url``.</doc>
<status status="PASS" start="2026-01-30T14:45:47.262326" elapsed="7.524834"/>
</kw>
<kw name="Maximize Browser Window" owner="SeleniumLibrary">
<doc>Maximizes current browser window.</doc>
<status status="PASS" start="2026-01-30T14:45:54.788163" elapsed="0.039865"/>
</kw>
<kw name="Wait Until Page Contains Element" owner="SeleniumLibrary">
<arg>name=username</arg>
<arg>timeout=30s</arg>
<doc>Waits until the element ``locator`` appears on the current page.</doc>
<status status="PASS" start="2026-01-30T14:45:54.829032" elapsed="0.912853"/>
</kw>
<status status="PASS" start="2026-01-30T14:45:47.261330" elapsed="8.480555"/>
</kw>
<kw name="Login Process">
<kw name="Input Text" owner="SeleniumLibrary">
<msg time="2026-01-30T14:45:55.743882" level="INFO">Typing text 'InvalidUser' into text field 'name=username'.</msg>
<arg>name=username</arg>
<arg>${user}</arg>
<doc>Types the given ``text`` into the text field identified by ``locator``.</doc>
<status status="PASS" start="2026-01-30T14:45:55.743882" elapsed="0.164883"/>
</kw>
<kw name="Input Text" owner="SeleniumLibrary">
<msg time="2026-01-30T14:45:55.908765" level="INFO">Typing text 'admin123' into text field 'name=password'.</msg>
<arg>name=password</arg>
<arg>${pass}</arg>
<doc>Types the given ``text`` into the text field identified by ``locator``.</doc>
<status status="PASS" start="2026-01-30T14:45:55.908765" elapsed="0.158305"/>
</kw>
<kw name="Click Button" owner="SeleniumLibrary">
<msg time="2026-01-30T14:45:56.067070" level="INFO">Clicking button 'xpath=//button[@type='submit']'.</msg>
<arg>xpath=//button[@type='submit']</arg>
<doc>Clicks the button identified by ``locator``.</doc>
<status status="PASS" start="2026-01-30T14:45:56.067070" elapsed="0.155252"/>
</kw>
<kw name="Sleep" owner="BuiltIn">
<msg time="2026-01-30T14:45:59.224574" level="INFO">Slept 3 seconds.</msg>
<arg>3s</arg>
<doc>Pauses the test executed for the given time.</doc>
<status status="PASS" start="2026-01-30T14:45:56.222322" elapsed="3.002252"/>
</kw>
<arg>${u}</arg>
<arg>${p}</arg>
<status status="PASS" start="2026-01-30T14:45:55.742876" elapsed="3.481698"/>
</kw>
<kw name="Check Outcome">
<if>
<branch type="IF" condition="'${expected_outcome}' == 'success'">
<kw name="Wait Until Page Contains" owner="SeleniumLibrary">
<arg>Dashboard</arg>
<arg>timeout=15s</arg>
<doc>Waits until ``text`` appears on the current page.</doc>
<status status="NOT RUN" start="2026-01-30T14:45:59.225875" elapsed="0.000000"/>
</kw>
<kw name="Log" owner="BuiltIn">
<arg>Successfully logged in to Dashboard</arg>
<doc>Logs the given message with the given level.</doc>
<status status="NOT RUN" start="2026-01-30T14:45:59.225875" elapsed="0.000000"/>
</kw>
<status status="NOT RUN" start="2026-01-30T14:45:59.225875" elapsed="0.000000"/>
</branch>
<branch type="ELSE">
<kw name="Wait Until Element Is Visible" owner="SeleniumLibrary">
<arg>xpath=//div[@role='alert']</arg>
<arg>timeout=15s</arg>
<doc>Waits until the element ``locator`` is visible.</doc>
<status status="PASS" start="2026-01-30T14:45:59.225875" elapsed="0.035891"/>
</kw>
<kw name="Element Should Contain" owner="SeleniumLibrary">
<msg time="2026-01-30T14:45:59.297051" level="INFO">Element 'xpath=//div[@role='alert']' contains text 'Invalid credentials'.</msg>
<arg>xpath=//div[@role='alert']</arg>
<arg>Invalid credentials</arg>
<doc>Verifies that element ``locator`` contains text ``expected``.</doc>
<status status="PASS" start="2026-01-30T14:45:59.261766" elapsed="0.036306"/>
</kw>
<kw name="Log" owner="BuiltIn">
<msg time="2026-01-30T14:45:59.298072" level="INFO">Correctly identified invalid credentials error</msg>
<arg>Correctly identified invalid credentials error</arg>
<doc>Logs the given message with the given level.</doc>
<status status="PASS" start="2026-01-30T14:45:59.298072" elapsed="0.000000"/>
</kw>
<status status="PASS" start="2026-01-30T14:45:59.225875" elapsed="0.072197"/>
</branch>
<status status="PASS" start="2026-01-30T14:45:59.224574" elapsed="0.074490"/>
</if>
<kw name="Capture Page Screenshot" owner="SeleniumLibrary">
<msg time="2026-01-30T14:45:59.479128" level="INFO" html="true">&lt;/td&gt;&lt;/tr&gt;&lt;tr&gt;&lt;td colspan="3"&gt;&lt;a href="selenium-screenshot-3.png"&gt;&lt;img src="selenium-screenshot-3.png" width="800px"&gt;&lt;/a&gt;</msg>
<doc>Takes a screenshot of the current page and embeds it into a log file.</doc>
<status status="PASS" start="2026-01-30T14:45:59.299064" elapsed="0.180064"/>
</kw>
<arg>${result}</arg>
<status status="PASS" start="2026-01-30T14:45:59.224574" elapsed="0.255558"/>
</kw>
<arg>${row[0]}</arg>
<arg>${row[1]}</arg>
<arg>${row[2]}</arg>
<status status="PASS" start="2026-01-30T14:45:47.258324" elapsed="12.221808"/>
</kw>
<arg>Run Login Test Case</arg>
<arg>${row[0]}</arg>
<arg>${row[1]}</arg>
<arg>${row[2]}</arg>
<doc>Runs the keyword and continues execution even if a failure occurs.</doc>
<status status="PASS" start="2026-01-30T14:45:47.257325" elapsed="12.222807"/>
</kw>
<kw name="Run Keyword And Ignore Error" owner="BuiltIn">
<kw name="Close Browser" owner="SeleniumLibrary">
<doc>Closes the current browser.</doc>
<status status="PASS" start="2026-01-30T14:45:59.482126" elapsed="2.236680"/>
</kw>
<arg>Close Browser</arg>
<doc>Runs the given keyword with the given arguments and ignores possible error.</doc>
<status status="PASS" start="2026-01-30T14:45:59.481132" elapsed="2.237674"/>
</kw>
<var name="${line}">InvalidUser,admin123,failure</var>
<status status="PASS" start="2026-01-30T14:45:47.252175" elapsed="14.467338"/>
</iter>
<iter>
<kw name="Split String" owner="String">
<msg time="2026-01-30T14:46:01.720536" level="INFO">${row} = ['Admin', 'wrongpassword', 'failure']</msg>
<var>${row}</var>
<arg>${line}</arg>
<arg>separator=,</arg>
<doc>Splits the ``string`` using ``separator`` as a delimiter string.</doc>
<status status="PASS" start="2026-01-30T14:46:01.719513" elapsed="0.001023"/>
</kw>
<kw name="Log" owner="BuiltIn">
<msg time="2026-01-30T14:46:01.722530" level="INFO">Executing Data Row: User=Admin, Pass=wrongpassword, Expected=failure</msg>
<arg>Executing Data Row: User=${row[0]}, Pass=${row[1]}, Expected=${row[2]}</arg>
<doc>Logs the given message with the given level.</doc>
<status status="PASS" start="2026-01-30T14:46:01.720536" elapsed="0.003003"/>
</kw>
<kw name="Run Keyword And Continue On Failure" owner="BuiltIn">
<kw name="Run Login Test Case">
<kw name="Open Application">
<kw name="Open Browser" owner="SeleniumLibrary">
<msg time="2026-01-30T14:46:01.727516" level="INFO">Opening browser 'chrome' to base url 'https://opensource-demo.orangehrmlive.com/web/index.php/auth/login'.</msg>
<arg>${URL}</arg>
<arg>${BROWSER}</arg>
<doc>Opens a new browser instance to the optional ``url``.</doc>
<status status="PASS" start="2026-01-30T14:46:01.727516" elapsed="8.025936"/>
</kw>
<kw name="Maximize Browser Window" owner="SeleniumLibrary">
<doc>Maximizes current browser window.</doc>
<status status="PASS" start="2026-01-30T14:46:09.754453" elapsed="0.046944"/>
</kw>
<kw name="Wait Until Page Contains Element" owner="SeleniumLibrary">
<arg>name=username</arg>
<arg>timeout=30s</arg>
<doc>Waits until the element ``locator`` appears on the current page.</doc>
<status status="PASS" start="2026-01-30T14:46:09.802399" elapsed="1.166699"/>
</kw>
<status status="PASS" start="2026-01-30T14:46:01.726518" elapsed="9.243575"/>
</kw>
<kw name="Login Process">
<kw name="Input Text" owner="SeleniumLibrary">
<msg time="2026-01-30T14:46:10.972090" level="INFO">Typing text 'Admin' into text field 'name=username'.</msg>
<arg>name=username</arg>
<arg>${user}</arg>
<doc>Types the given ``text`` into the text field identified by ``locator``.</doc>
<status status="PASS" start="2026-01-30T14:46:10.972090" elapsed="0.146494"/>
</kw>
<kw name="Input Text" owner="SeleniumLibrary">
<msg time="2026-01-30T14:46:11.119580" level="INFO">Typing text 'wrongpassword' into text field 'name=password'.</msg>
<arg>name=password</arg>
<arg>${pass}</arg>
<doc>Types the given ``text`` into the text field identified by ``locator``.</doc>
<status status="PASS" start="2026-01-30T14:46:11.118584" elapsed="0.158086"/>
</kw>
<kw name="Click Button" owner="SeleniumLibrary">
<msg time="2026-01-30T14:46:11.277670" level="INFO">Clicking button 'xpath=//button[@type='submit']'.</msg>
<arg>xpath=//button[@type='submit']</arg>
<doc>Clicks the button identified by ``locator``.</doc>
<status status="PASS" start="2026-01-30T14:46:11.276670" elapsed="0.138213"/>
</kw>
<kw name="Sleep" owner="BuiltIn">
<msg time="2026-01-30T14:46:14.416295" level="INFO">Slept 3 seconds.</msg>
<arg>3s</arg>
<doc>Pauses the test executed for the given time.</doc>
<status status="PASS" start="2026-01-30T14:46:11.414883" elapsed="3.001412"/>
</kw>
<arg>${u}</arg>
<arg>${p}</arg>
<status status="PASS" start="2026-01-30T14:46:10.971098" elapsed="3.445197"/>
</kw>
<kw name="Check Outcome">
<if>
<branch type="IF" condition="'${expected_outcome}' == 'success'">
<kw name="Wait Until Page Contains" owner="SeleniumLibrary">
<arg>Dashboard</arg>
<arg>timeout=15s</arg>
<doc>Waits until ``text`` appears on the current page.</doc>
<status status="NOT RUN" start="2026-01-30T14:46:14.417275" elapsed="0.000000"/>
</kw>
<kw name="Log" owner="BuiltIn">
<arg>Successfully logged in to Dashboard</arg>
<doc>Logs the given message with the given level.</doc>
<status status="NOT RUN" start="2026-01-30T14:46:14.417275" elapsed="0.000000"/>
</kw>
<status status="NOT RUN" start="2026-01-30T14:46:14.417275" elapsed="0.000997"/>
</branch>
<branch type="ELSE">
<kw name="Wait Until Element Is Visible" owner="SeleniumLibrary">
<arg>xpath=//div[@role='alert']</arg>
<arg>timeout=15s</arg>
<doc>Waits until the element ``locator`` is visible.</doc>
<status status="PASS" start="2026-01-30T14:46:14.418272" elapsed="0.667212"/>
</kw>
<kw name="Element Should Contain" owner="SeleniumLibrary">
<msg time="2026-01-30T14:46:15.119461" level="INFO">Element 'xpath=//div[@role='alert']' contains text 'Invalid credentials'.</msg>
<arg>xpath=//div[@role='alert']</arg>
<arg>Invalid credentials</arg>
<doc>Verifies that element ``locator`` contains text ``expected``.</doc>
<status status="PASS" start="2026-01-30T14:46:15.086494" elapsed="0.032967"/>
</kw>
<kw name="Log" owner="BuiltIn">
<msg time="2026-01-30T14:46:15.119461" level="INFO">Correctly identified invalid credentials error</msg>
<arg>Correctly identified invalid credentials error</arg>
<doc>Logs the given message with the given level.</doc>
<status status="PASS" start="2026-01-30T14:46:15.119461" elapsed="0.000985"/>
</kw>
<status status="PASS" start="2026-01-30T14:46:14.418272" elapsed="0.702174"/>
</branch>
<status status="PASS" start="2026-01-30T14:46:14.417275" elapsed="0.703171"/>
</if>
<kw name="Capture Page Screenshot" owner="SeleniumLibrary">
<msg time="2026-01-30T14:46:15.285959" level="INFO" html="true">&lt;/td&gt;&lt;/tr&gt;&lt;tr&gt;&lt;td colspan="3"&gt;&lt;a href="selenium-screenshot-4.png"&gt;&lt;img src="selenium-screenshot-4.png" width="800px"&gt;&lt;/a&gt;</msg>
<doc>Takes a screenshot of the current page and embeds it into a log file.</doc>
<status status="PASS" start="2026-01-30T14:46:15.120446" elapsed="0.165513"/>
</kw>
<arg>${result}</arg>
<status status="PASS" start="2026-01-30T14:46:14.416295" elapsed="0.869664"/>
</kw>
<arg>${row[0]}</arg>
<arg>${row[1]}</arg>
<arg>${row[2]}</arg>
<status status="PASS" start="2026-01-30T14:46:01.724517" elapsed="13.561442"/>
</kw>
<arg>Run Login Test Case</arg>
<arg>${row[0]}</arg>
<arg>${row[1]}</arg>
<arg>${row[2]}</arg>
<doc>Runs the keyword and continues execution even if a failure occurs.</doc>
<status status="PASS" start="2026-01-30T14:46:01.723539" elapsed="13.562420"/>
</kw>
<kw name="Run Keyword And Ignore Error" owner="BuiltIn">
<kw name="Close Browser" owner="SeleniumLibrary">
<doc>Closes the current browser.</doc>
<status status="PASS" start="2026-01-30T14:46:15.286978" elapsed="2.189602"/>
</kw>
<arg>Close Browser</arg>
<doc>Runs the given keyword with the given arguments and ignores possible error.</doc>
<status status="PASS" start="2026-01-30T14:46:15.286978" elapsed="2.189602"/>
</kw>
<var name="${line}">Admin,wrongpassword,failure</var>
<status status="PASS" start="2026-01-30T14:46:01.719513" elapsed="15.757067"/>
</iter>
<var>${line}</var>
<value>@{lines}</value>
<status status="PASS" start="2026-01-30T14:45:31.781166" elapsed="45.695414"/>
</for>
<kw name="Close Browser" owner="SeleniumLibrary" type="TEARDOWN">
<doc>Closes the current browser.</doc>
<status status="PASS" start="2026-01-30T14:46:17.477584" elapsed="0.000981"/>
</kw>
<doc>Iterates through CSV data rows and executes test logic.</doc>
<tag>data-driven</tag>
<status status="PASS" start="2026-01-30T14:45:31.776095" elapsed="45.702470"/>
</test>
<status status="PASS" start="2026-01-30T14:45:16.222674" elapsed="61.257951"/>
</suite>
<statistics>
<total>
<stat pass="2" fail="0" skip="0">All Tests</stat>
</total>
<tag>
<stat pass="1" fail="0" skip="0">data-driven</stat>
<stat pass="1" fail="0" skip="0">keyword-driven</stat>
</tag>
<suite>
<stat name="Question2 Solution" id="s1" pass="2" fail="0" skip="0">Question2 Solution</stat>
</suite>
</statistics>
<errors>
</errors>
</robot>
